<?xml version="1.0" encoding="UTF-8"?>
<!-- Generated by org.testng.reporters.JUnitReportReporter -->
<testsuite hostname="LAPTOP-TG80PJEM" failures="0" tests="1" name="com.tests.LoginPageTest" time="10.971" errors="0" timestamp="2024-06-01T14:51:32 IST" skipped="0">
  <testcase classname="com.tests.LoginPageTest" name="pageUrl" time="10.971"/>
</testsuite> <!-- com.tests.LoginPageTest -->
