<?xml version="1.0" encoding="UTF-8"?>
<!-- Generated by org.testng.reporters.JUnitReportReporter -->
<testsuite hostname="LAPTOP-TG80PJEM" failures="0" tests="1" name="com.tests.LoginPageTest" time="12.991" errors="0" timestamp="2024-06-13T07:03:07 IST" skipped="0">
  <testcase classname="com.tests.LoginPageTest" name="forgotPasswordTest" time="12.991"/>
</testsuite> <!-- com.tests.LoginPageTest -->
