<?xml version="1.0" encoding="UTF-8"?>
<!-- Generated by org.testng.reporters.JUnitReportReporter -->
<testsuite hostname="LAPTOP-TG80PJEM" failures="0" tests="1" name="com.tests.LoginPageTest" time="38.133" errors="0" timestamp="2024-06-13T16:35:33 IST" skipped="0">
  <testcase classname="com.tests.LoginPageTest" name="forgotPasswordTest" time="38.133"/>
</testsuite> <!-- com.tests.LoginPageTest -->
